Running tests ...
[1A[KRunning 53 tests in 1 runtime ...
[1A[K[1m[32m53 tests, 269 assertions, 1 runtime ... OK[0m
-------------------|-----------|-----------|-----------|-----------|
File               |   % Stmts |% Branches |   % Funcs |   % Lines |
-------------------|-----------|-----------|-----------|-----------|
   lib/            |       100 |       100 |       100 |       100 |
      cli.js       |       100 |       100 |       100 |       100 |
      repoman.js   |       100 |       100 |       100 |       100 |
   lib/generator/  |       100 |       100 |       100 |       100 |
      bitbucket.js |       100 |       100 |       100 |       100 |
      github.js    |       100 |       100 |       100 |       100 |
      gitorious.js |       100 |       100 |       100 |       100 |
      local.js     |       100 |       100 |       100 |       100 |
-------------------|-----------|-----------|-----------|-----------|
All files          |       100 |       100 |       100 |       100 |
-------------------|-----------|-----------|-----------|-----------|


=============================== Coverage summary ===============================
Statements   : 100% ( 298/298 )
Branches     : 100% ( 130/130 )
Functions    : 100% ( 64/64 )
Lines        : 100% ( 298/298 )
================================================================================
